Info: Starting: Create block symbol file (.bsf)
Info: qsys-generate D:\Gits\Proyecto-MP3-Empotrados-2025\Quartus\MP3_PC.qsys --block-symbol-file --output-directory=D:\Gits\Proyecto-MP3-Empotrados-2025\Quartus\MP3_PC --family="Cyclone V" --part=5CSEMA5F31C6
Progress: Loading Quartus/MP3_PC.qsys
Progress: Reading input file
Progress: Adding AudioConfig [altera_up_avalon_audio 18.0]
Progress: Parameterizing module AudioConfig
Progress: Adding CLK [clock_source 18.0]
Progress: Parameterizing module CLK
Progress: Adding HPS [altera_hps 18.0]
Progress: Parameterizing module HPS
Progress: Adding NIOSII [altera_nios2_gen2 18.0]
Progress: Parameterizing module NIOSII
Progress: Adding PLL_VGA [altera_pll 18.0]
Progress: Parameterizing module PLL_VGA
Progress: Adding RAM [altera_avalon_onchip_memory2 18.0]
Progress: Parameterizing module RAM
Progress: Adding REG_7SEG [altera_avalon_pio 18.0]
Progress: Parameterizing module REG_7SEG
Progress: Adding REG_BUTTON [altera_avalon_pio 18.0]
Progress: Parameterizing module REG_BUTTON
Progress: Adding REG_SWITCH [altera_avalon_pio 18.0]
Progress: Parameterizing module REG_SWITCH
Progress: Adding TIMER_1s [altera_avalon_timer 18.0]
Progress: Parameterizing module TIMER_1s
Progress: Adding UART [altera_avalon_jtag_uart 18.0]
Progress: Parameterizing module UART
Progress: Adding VGA_BUFFER [altera_up_avalon_video_character_buffer_with_dma 18.0]
Progress: Parameterizing module VGA_BUFFER
Progress: Adding VGA_CONTROLLER [altera_up_avalon_video_vga_controller 18.0]
Progress: Parameterizing module VGA_CONTROLLER
Progress: Building connections
Progress: Parameterizing connections
Progress: Validating
Progress: Done reading input file
Info: MP3_PC.HPS: HPS Main PLL counter settings: n = 0  m = 73
Info: MP3_PC.HPS: HPS peripherial PLL counter settings: n = 0  m = 39
Warning: MP3_PC.HPS: "Configuration/HPS-to-FPGA user 0 clock frequency" (desired_cfg_clk_mhz) requested 100.0 MHz, but only achieved 97.368421 MHz
Warning: MP3_PC.HPS: 1 or more output clock frequencies cannot be achieved precisely, consider revising desired output clock frequencies.
Warning: MP3_PC.HPS: ODT is disabled. Enabling ODT (Mode Register 1) may improve signal integrity
Info: MP3_PC.PLL_VGA: The legal reference clock frequency is 5.0 MHz..800.0 MHz
Info: MP3_PC.PLL_VGA: Able to implement PLL with user settings
Info: MP3_PC.REG_BUTTON: PIO inputs are not hardwired in test bench. Undefined values will be read from PIO inputs during simulation.
Info: MP3_PC.REG_SWITCH: PIO inputs are not hardwired in test bench. Undefined values will be read from PIO inputs during simulation.
Info: MP3_PC.UART: JTAG UART IP input clock need to be at least double (2x) the operating frequency of JTAG TCK on board
Info: MP3_PC.VGA_BUFFER: Character Resolution: 80 x 60
Info: MP3_PC.VGA_CONTROLLER: Video Output Stream: Format: 640 x 480 with Color: 10 (bits) x 3 (planes) converted to 8 (bits) per color plane
Info: qsys-generate succeeded.
Info: Finished: Create block symbol file (.bsf)
Info: 
Info: Starting: Create HDL design files for synthesis
Info: qsys-generate D:\Gits\Proyecto-MP3-Empotrados-2025\Quartus\MP3_PC.qsys --synthesis=VERILOG --output-directory=D:\Gits\Proyecto-MP3-Empotrados-2025\Quartus\MP3_PC\synthesis --family="Cyclone V" --part=5CSEMA5F31C6
Progress: Loading Quartus/MP3_PC.qsys
Progress: Reading input file
Progress: Adding AudioConfig [altera_up_avalon_audio 18.0]
Progress: Parameterizing module AudioConfig
Progress: Adding CLK [clock_source 18.0]
Progress: Parameterizing module CLK
Progress: Adding HPS [altera_hps 18.0]
Progress: Parameterizing module HPS
Progress: Adding NIOSII [altera_nios2_gen2 18.0]
Progress: Parameterizing module NIOSII
Progress: Adding PLL_VGA [altera_pll 18.0]
Progress: Parameterizing module PLL_VGA
Progress: Adding RAM [altera_avalon_onchip_memory2 18.0]
Progress: Parameterizing module RAM
Progress: Adding REG_7SEG [altera_avalon_pio 18.0]
Progress: Parameterizing module REG_7SEG
Progress: Adding REG_BUTTON [altera_avalon_pio 18.0]
Progress: Parameterizing module REG_BUTTON
Progress: Adding REG_SWITCH [altera_avalon_pio 18.0]
Progress: Parameterizing module REG_SWITCH
Progress: Adding TIMER_1s [altera_avalon_timer 18.0]
Progress: Parameterizing module TIMER_1s
Progress: Adding UART [altera_avalon_jtag_uart 18.0]
Progress: Parameterizing module UART
Progress: Adding VGA_BUFFER [altera_up_avalon_video_character_buffer_with_dma 18.0]
Progress: Parameterizing module VGA_BUFFER
Progress: Adding VGA_CONTROLLER [altera_up_avalon_video_vga_controller 18.0]
Progress: Parameterizing module VGA_CONTROLLER
Progress: Building connections
Progress: Parameterizing connections
Progress: Validating
Progress: Done reading input file
Info: MP3_PC.HPS: HPS Main PLL counter settings: n = 0  m = 73
Info: MP3_PC.HPS: HPS peripherial PLL counter settings: n = 0  m = 39
Warning: MP3_PC.HPS: "Configuration/HPS-to-FPGA user 0 clock frequency" (desired_cfg_clk_mhz) requested 100.0 MHz, but only achieved 97.368421 MHz
Warning: MP3_PC.HPS: 1 or more output clock frequencies cannot be achieved precisely, consider revising desired output clock frequencies.
Warning: MP3_PC.HPS: ODT is disabled. Enabling ODT (Mode Register 1) may improve signal integrity
Info: MP3_PC.PLL_VGA: The legal reference clock frequency is 5.0 MHz..800.0 MHz
Info: MP3_PC.PLL_VGA: Able to implement PLL with user settings
Info: MP3_PC.REG_BUTTON: PIO inputs are not hardwired in test bench. Undefined values will be read from PIO inputs during simulation.
Info: MP3_PC.REG_SWITCH: PIO inputs are not hardwired in test bench. Undefined values will be read from PIO inputs during simulation.
Info: MP3_PC.UART: JTAG UART IP input clock need to be at least double (2x) the operating frequency of JTAG TCK on board
Info: MP3_PC.VGA_BUFFER: Character Resolution: 80 x 60
Info: MP3_PC.VGA_CONTROLLER: Video Output Stream: Format: 640 x 480 with Color: 10 (bits) x 3 (planes) converted to 8 (bits) per color plane
Info: MP3_PC: Generating MP3_PC "MP3_PC" for QUARTUS_SYNTH
Info: Inserting clock-crossing logic between cmd_demux.src1 and cmd_mux_001.sink0
Info: Inserting clock-crossing logic between cmd_demux.src2 and cmd_mux_002.sink0
Info: Inserting clock-crossing logic between rsp_demux_001.src0 and rsp_mux.sink1
Info: Inserting clock-crossing logic between rsp_demux_002.src0 and rsp_mux.sink2
Warning: HPS.h2f_sdmmc_interrupt: Cannot connect reset for irq_synchronizer.receiver
Info: AudioConfig: Starting Generation of Audio Controller
Info: AudioConfig: "MP3_PC" instantiated altera_up_avalon_audio "AudioConfig"
Info: HPS: "Running  for module: HPS"
Info: HPS: HPS Main PLL counter settings: n = 0  m = 73
Info: HPS: HPS peripherial PLL counter settings: n = 0  m = 39
Warning: HPS: "Configuration/HPS-to-FPGA user 0 clock frequency" (desired_cfg_clk_mhz) requested 100.0 MHz, but only achieved 97.368421 MHz
Warning: HPS: 1 or more output clock frequencies cannot be achieved precisely, consider revising desired output clock frequencies.
Warning: HPS: ODT is disabled. Enabling ODT (Mode Register 1) may improve signal integrity
Info: HPS: "MP3_PC" instantiated altera_hps "HPS"
Info: NIOSII: "MP3_PC" instantiated altera_nios2_gen2 "NIOSII"
Info: PLL_VGA: "MP3_PC" instantiated altera_pll "PLL_VGA"
Info: RAM: Starting RTL generation for module 'MP3_PC_RAM'
Info: RAM:   Generation command is [exec D:/quartus/quartus/bin64/perl/bin/perl.exe -I D:/quartus/quartus/bin64/perl/lib -I D:/quartus/quartus/sopc_builder/bin/europa -I D:/quartus/quartus/sopc_builder/bin/perl_lib -I D:/quartus/quartus/sopc_builder/bin -I D:/quartus/quartus/../ip/altera/sopc_builder_ip/common -I D:/quartus/quartus/../ip/altera/sopc_builder_ip/altera_avalon_onchip_memory2 -- D:/quartus/quartus/../ip/altera/sopc_builder_ip/altera_avalon_onchip_memory2/generate_rtl.pl --name=MP3_PC_RAM --dir=C:/Users/kenda/AppData/Local/Temp/alt0249_847958433833965875.dir/0004_RAM_gen/ --quartus_dir=D:/quartus/quartus --verilog --config=C:/Users/kenda/AppData/Local/Temp/alt0249_847958433833965875.dir/0004_RAM_gen//MP3_PC_RAM_component_configuration.pl  --do_build_sim=0  ]
Info: RAM: Done RTL generation for module 'MP3_PC_RAM'
Info: RAM: "MP3_PC" instantiated altera_avalon_onchip_memory2 "RAM"
Info: REG_7SEG: Starting RTL generation for module 'MP3_PC_REG_7SEG'
Info: REG_7SEG:   Generation command is [exec D:/quartus/quartus/bin64/perl/bin/perl.exe -I D:/quartus/quartus/bin64/perl/lib -I D:/quartus/quartus/sopc_builder/bin/europa -I D:/quartus/quartus/sopc_builder/bin/perl_lib -I D:/quartus/quartus/sopc_builder/bin -I D:/quartus/quartus/../ip/altera/sopc_builder_ip/common -I D:/quartus/quartus/../ip/altera/sopc_builder_ip/altera_avalon_pio -- D:/quartus/quartus/../ip/altera/sopc_builder_ip/altera_avalon_pio/generate_rtl.pl --name=MP3_PC_REG_7SEG --dir=C:/Users/kenda/AppData/Local/Temp/alt0249_847958433833965875.dir/0005_REG_7SEG_gen/ --quartus_dir=D:/quartus/quartus --verilog --config=C:/Users/kenda/AppData/Local/Temp/alt0249_847958433833965875.dir/0005_REG_7SEG_gen//MP3_PC_REG_7SEG_component_configuration.pl  --do_build_sim=0  ]
Info: REG_7SEG: Done RTL generation for module 'MP3_PC_REG_7SEG'
Info: REG_7SEG: "MP3_PC" instantiated altera_avalon_pio "REG_7SEG"
Info: REG_BUTTON: Starting RTL generation for module 'MP3_PC_REG_BUTTON'
Info: REG_BUTTON:   Generation command is [exec D:/quartus/quartus/bin64/perl/bin/perl.exe -I D:/quartus/quartus/bin64/perl/lib -I D:/quartus/quartus/sopc_builder/bin/europa -I D:/quartus/quartus/sopc_builder/bin/perl_lib -I D:/quartus/quartus/sopc_builder/bin -I D:/quartus/quartus/../ip/altera/sopc_builder_ip/common -I D:/quartus/quartus/../ip/altera/sopc_builder_ip/altera_avalon_pio -- D:/quartus/quartus/../ip/altera/sopc_builder_ip/altera_avalon_pio/generate_rtl.pl --name=MP3_PC_REG_BUTTON --dir=C:/Users/kenda/AppData/Local/Temp/alt0249_847958433833965875.dir/0006_REG_BUTTON_gen/ --quartus_dir=D:/quartus/quartus --verilog --config=C:/Users/kenda/AppData/Local/Temp/alt0249_847958433833965875.dir/0006_REG_BUTTON_gen//MP3_PC_REG_BUTTON_component_configuration.pl  --do_build_sim=0  ]
Info: REG_BUTTON: Done RTL generation for module 'MP3_PC_REG_BUTTON'
Info: REG_BUTTON: "MP3_PC" instantiated altera_avalon_pio "REG_BUTTON"
Info: REG_SWITCH: Starting RTL generation for module 'MP3_PC_REG_SWITCH'
Info: REG_SWITCH:   Generation command is [exec D:/quartus/quartus/bin64/perl/bin/perl.exe -I D:/quartus/quartus/bin64/perl/lib -I D:/quartus/quartus/sopc_builder/bin/europa -I D:/quartus/quartus/sopc_builder/bin/perl_lib -I D:/quartus/quartus/sopc_builder/bin -I D:/quartus/quartus/../ip/altera/sopc_builder_ip/common -I D:/quartus/quartus/../ip/altera/sopc_builder_ip/altera_avalon_pio -- D:/quartus/quartus/../ip/altera/sopc_builder_ip/altera_avalon_pio/generate_rtl.pl --name=MP3_PC_REG_SWITCH --dir=C:/Users/kenda/AppData/Local/Temp/alt0249_847958433833965875.dir/0007_REG_SWITCH_gen/ --quartus_dir=D:/quartus/quartus --verilog --config=C:/Users/kenda/AppData/Local/Temp/alt0249_847958433833965875.dir/0007_REG_SWITCH_gen//MP3_PC_REG_SWITCH_component_configuration.pl  --do_build_sim=0  ]
Info: REG_SWITCH: Done RTL generation for module 'MP3_PC_REG_SWITCH'
Info: REG_SWITCH: "MP3_PC" instantiated altera_avalon_pio "REG_SWITCH"
Info: TIMER_1s: Starting RTL generation for module 'MP3_PC_TIMER_1s'
Info: TIMER_1s:   Generation command is [exec D:/Quartus/quartus/bin64//perl/bin/perl.exe -I D:/Quartus/quartus/bin64//perl/lib -I D:/quartus/quartus/sopc_builder/bin/europa -I D:/quartus/quartus/sopc_builder/bin/perl_lib -I D:/quartus/quartus/sopc_builder/bin -I D:/quartus/quartus/../ip/altera/sopc_builder_ip/common -I D:/quartus/quartus/../ip/altera/sopc_builder_ip/altera_avalon_timer -- D:/quartus/quartus/../ip/altera/sopc_builder_ip/altera_avalon_timer/generate_rtl.pl --name=MP3_PC_TIMER_1s --dir=C:/Users/kenda/AppData/Local/Temp/alt0249_847958433833965875.dir/0008_TIMER_1s_gen/ --quartus_dir=D:/quartus/quartus --verilog --config=C:/Users/kenda/AppData/Local/Temp/alt0249_847958433833965875.dir/0008_TIMER_1s_gen//MP3_PC_TIMER_1s_component_configuration.pl  --do_build_sim=0  ]
Info: TIMER_1s: Done RTL generation for module 'MP3_PC_TIMER_1s'
Info: TIMER_1s: "MP3_PC" instantiated altera_avalon_timer "TIMER_1s"
Info: UART: Starting RTL generation for module 'MP3_PC_UART'
Info: UART:   Generation command is [exec D:/quartus/quartus/bin64/perl/bin/perl.exe -I D:/quartus/quartus/bin64/perl/lib -I D:/quartus/quartus/sopc_builder/bin/europa -I D:/quartus/quartus/sopc_builder/bin/perl_lib -I D:/quartus/quartus/sopc_builder/bin -I D:/quartus/quartus/../ip/altera/sopc_builder_ip/common -I D:/quartus/quartus/../ip/altera/sopc_builder_ip/altera_avalon_jtag_uart -- D:/quartus/quartus/../ip/altera/sopc_builder_ip/altera_avalon_jtag_uart/generate_rtl.pl --name=MP3_PC_UART --dir=C:/Users/kenda/AppData/Local/Temp/alt0249_847958433833965875.dir/0009_UART_gen/ --quartus_dir=D:/quartus/quartus --verilog --config=C:/Users/kenda/AppData/Local/Temp/alt0249_847958433833965875.dir/0009_UART_gen//MP3_PC_UART_component_configuration.pl  --do_build_sim=0  ]
Info: UART: Done RTL generation for module 'MP3_PC_UART'
Info: UART: "MP3_PC" instantiated altera_avalon_jtag_uart "UART"
Info: VGA_BUFFER: Starting Generation of Character Buffer
Info: VGA_BUFFER: "MP3_PC" instantiated altera_up_avalon_video_character_buffer_with_dma "VGA_BUFFER"
Info: VGA_CONTROLLER: Starting Generation of VGA Controller
Info: VGA_CONTROLLER: "MP3_PC" instantiated altera_up_avalon_video_vga_controller "VGA_CONTROLLER"
Info: avalon_st_adapter: Inserting error_adapter: error_adapter_0
Info: avalon_st_adapter_001: Inserting error_adapter: error_adapter_0
Info: avalon_st_adapter_002: Inserting error_adapter: error_adapter_0
Info: avalon_st_adapter_003: Inserting error_adapter: error_adapter_0
Info: avalon_st_adapter_004: Inserting error_adapter: error_adapter_0
Info: avalon_st_adapter_005: Inserting error_adapter: error_adapter_0
Info: avalon_st_adapter_006: Inserting error_adapter: error_adapter_0
Info: avalon_st_adapter_007: Inserting error_adapter: error_adapter_0
Info: avalon_st_adapter_008: Inserting error_adapter: error_adapter_0
Info: avalon_st_adapter_009: Inserting error_adapter: error_adapter_0
Info: mm_interconnect_0: "MP3_PC" instantiated altera_mm_interconnect "mm_interconnect_0"
Info: irq_mapper: "MP3_PC" instantiated altera_irq_mapper "irq_mapper"
Info: irq_synchronizer: "MP3_PC" instantiated altera_irq_clock_crosser "irq_synchronizer"
Info: rst_controller: "MP3_PC" instantiated altera_reset_controller "rst_controller"
Info: fpga_interfaces: "HPS" instantiated altera_interface_generator "fpga_interfaces"
Info: hps_io: "HPS" instantiated altera_hps_io "hps_io"
Info: cpu: Starting RTL generation for module 'MP3_PC_NIOSII_cpu'
Info: cpu:   Generation command is [exec D:/Quartus/quartus/bin64//eperlcmd.exe -I D:/Quartus/quartus/bin64//perl/lib -I D:/quartus/quartus/sopc_builder/bin/europa -I D:/quartus/quartus/sopc_builder/bin/perl_lib -I D:/quartus/quartus/sopc_builder/bin -I D:/quartus/quartus/../ip/altera/nios2_ip/altera_nios2_gen2/cpu_lib -I D:/quartus/quartus/../ip/altera/nios2_ip/altera_nios2_gen2/nios_lib -I D:/quartus/quartus/../ip/altera/nios2_ip/altera_nios2_gen2 -I D:/quartus/quartus/../ip/altera/nios2_ip/altera_nios2_gen2 -- D:/quartus/quartus/../ip/altera/nios2_ip/altera_nios2_gen2/generate_rtl.epl --name=MP3_PC_NIOSII_cpu --dir=C:/Users/kenda/AppData/Local/Temp/alt0249_847958433833965875.dir/0016_cpu_gen/ --quartus_bindir=D:/Quartus/quartus/bin64/ --verilog --config=C:/Users/kenda/AppData/Local/Temp/alt0249_847958433833965875.dir/0016_cpu_gen//MP3_PC_NIOSII_cpu_processor_configuration.pl  --do_build_sim=0  ]
Info: cpu: # 2025.06.09 20:00:44 (*) Starting Nios II generation
Info: cpu: # 2025.06.09 20:00:44 (*)   Checking for plaintext license.
Info: cpu: # 2025.06.09 20:00:45 (*)   Couldn't query license setup in Quartus directory D:/Quartus/quartus/bin64/
Info: cpu: # 2025.06.09 20:00:45 (*)   Defaulting to contents of LM_LICENSE_FILE environment variable
Info: cpu: # 2025.06.09 20:00:45 (*)   LM_LICENSE_FILE environment variable is empty
Info: cpu: # 2025.06.09 20:00:45 (*)   Plaintext license not found.
Info: cpu: # 2025.06.09 20:00:45 (*)   No license required to generate encrypted Nios II/e.
Info: cpu: # 2025.06.09 20:00:45 (*)   Elaborating CPU configuration settings
Info: cpu: # 2025.06.09 20:00:45 (*)   Creating all objects for CPU
Info: cpu: # 2025.06.09 20:00:46 (*)   Generating RTL from CPU objects
Info: cpu: # 2025.06.09 20:00:46 (*)   Creating plain-text RTL
Info: cpu: # 2025.06.09 20:00:46 (*) Done Nios II generation
Info: cpu: Done RTL generation for module 'MP3_PC_NIOSII_cpu'
Info: cpu: "NIOSII" instantiated altera_nios2_gen2_unit "cpu"
Info: NIOSII_data_master_translator: "mm_interconnect_0" instantiated altera_merlin_master_translator "NIOSII_data_master_translator"
Info: AudioConfig_avalon_audio_slave_translator: "mm_interconnect_0" instantiated altera_merlin_slave_translator "AudioConfig_avalon_audio_slave_translator"
Info: NIOSII_data_master_agent: "mm_interconnect_0" instantiated altera_merlin_master_agent "NIOSII_data_master_agent"
Info: AudioConfig_avalon_audio_slave_agent: "mm_interconnect_0" instantiated altera_merlin_slave_agent "AudioConfig_avalon_audio_slave_agent"
Info: AudioConfig_avalon_audio_slave_agent_rsp_fifo: "mm_interconnect_0" instantiated altera_avalon_sc_fifo "AudioConfig_avalon_audio_slave_agent_rsp_fifo"
Info: router: "mm_interconnect_0" instantiated altera_merlin_router "router"
Info: router_001: "mm_interconnect_0" instantiated altera_merlin_router "router_001"
Info: router_002: "mm_interconnect_0" instantiated altera_merlin_router "router_002"
Info: router_003: "mm_interconnect_0" instantiated altera_merlin_router "router_003"
Info: router_006: "mm_interconnect_0" instantiated altera_merlin_router "router_006"
Info: VGA_BUFFER_avalon_char_buffer_slave_burst_adapter: "mm_interconnect_0" instantiated altera_merlin_burst_adapter "VGA_BUFFER_avalon_char_buffer_slave_burst_adapter"
Info: cmd_demux: "mm_interconnect_0" instantiated altera_merlin_demultiplexer "cmd_demux"
Info: cmd_demux_001: "mm_interconnect_0" instantiated altera_merlin_demultiplexer "cmd_demux_001"
Info: cmd_mux: "mm_interconnect_0" instantiated altera_merlin_multiplexer "cmd_mux"
Info: cmd_mux_004: "mm_interconnect_0" instantiated altera_merlin_multiplexer "cmd_mux_004"
Info: Reusing file D:/Gits/Proyecto-MP3-Empotrados-2025/Quartus/MP3_PC/synthesis/submodules/altera_merlin_arbitrator.sv
Info: rsp_demux: "mm_interconnect_0" instantiated altera_merlin_demultiplexer "rsp_demux"
Info: rsp_demux_001: "mm_interconnect_0" instantiated altera_merlin_demultiplexer "rsp_demux_001"
Info: rsp_mux: "mm_interconnect_0" instantiated altera_merlin_multiplexer "rsp_mux"
Info: Reusing file D:/Gits/Proyecto-MP3-Empotrados-2025/Quartus/MP3_PC/synthesis/submodules/altera_merlin_arbitrator.sv
Info: rsp_mux_001: "mm_interconnect_0" instantiated altera_merlin_multiplexer "rsp_mux_001"
Info: Reusing file D:/Gits/Proyecto-MP3-Empotrados-2025/Quartus/MP3_PC/synthesis/submodules/altera_merlin_arbitrator.sv
Info: VGA_BUFFER_avalon_char_buffer_slave_rsp_width_adapter: "mm_interconnect_0" instantiated altera_merlin_width_adapter "VGA_BUFFER_avalon_char_buffer_slave_rsp_width_adapter"
Info: Reusing file D:/Gits/Proyecto-MP3-Empotrados-2025/Quartus/MP3_PC/synthesis/submodules/altera_merlin_address_alignment.sv
Info: Reusing file D:/Gits/Proyecto-MP3-Empotrados-2025/Quartus/MP3_PC/synthesis/submodules/altera_merlin_burst_uncompressor.sv
Info: crosser: "mm_interconnect_0" instantiated altera_avalon_st_handshake_clock_crosser "crosser"
Info: Reusing file D:/Gits/Proyecto-MP3-Empotrados-2025/Quartus/MP3_PC/synthesis/submodules/altera_avalon_st_pipeline_base.v
Info: avalon_st_adapter: "mm_interconnect_0" instantiated altera_avalon_st_adapter "avalon_st_adapter"
Info: avalon_st_adapter_001: "mm_interconnect_0" instantiated altera_avalon_st_adapter "avalon_st_adapter_001"
Info: border: "hps_io" instantiated altera_interface_generator "border"
Info: error_adapter_0: "avalon_st_adapter" instantiated error_adapter "error_adapter_0"
Info: error_adapter_0: "avalon_st_adapter_001" instantiated error_adapter "error_adapter_0"
Info: MP3_PC: Done "MP3_PC" with 46 modules, 126 files
Info: qsys-generate succeeded.
Info: Finished: Create HDL design files for synthesis
