Flow report for NIOS_PC
Tue Jun 03 15:22:45 2025
Quartus Prime Version 18.0.0 Build 614 04/24/2018 SJ Lite Edition


---------------------
; Table of Contents ;
---------------------
  1. Legal Notice
  2. Flow Summary
  3. Flow Settings
  4. Flow Non-Default Global Settings
  5. Flow Elapsed Time
  6. Flow OS Summary
  7. Flow Log
  8. Flow Messages
  9. Flow Suppressed Messages



----------------
; Legal Notice ;
----------------
Copyright (C) 2018  Intel Corporation. All rights reserved.
Your use of Intel Corporation's design tools, logic functions 
and other software and tools, and its AMPP partner logic 
functions, and any output files from any of the foregoing 
(including device programming or simulation files), and any 
associated documentation or information are expressly subject 
to the terms and conditions of the Intel Program License 
Subscription Agreement, the Intel Quartus Prime License Agreement,
the Intel FPGA IP License Agreement, or other applicable license
agreement, including, without limitation, that your use is for
the sole purpose of programming logic devices manufactured by
Intel and sold by Intel or its authorized distributors.  Please
refer to the applicable agreement for further details.



+-------------------------------------------------------------------------------+
; Flow Summary                                                                  ;
+---------------------------------+---------------------------------------------+
; Flow Status                     ; Successful - Tue Jun 03 15:22:45 2025       ;
; Quartus Prime Version           ; 18.0.0 Build 614 04/24/2018 SJ Lite Edition ;
; Revision Name                   ; NIOS_PC                                     ;
; Top-level Entity Name           ; MP3_PC                                      ;
; Family                          ; Cyclone V                                   ;
; Device                          ; 5CSEMA5F31C6                                ;
; Timing Models                   ; Final                                       ;
; Logic utilization (in ALMs)     ; 1,046 / 32,070 ( 3 % )                      ;
; Total registers                 ; 1787                                        ;
; Total pins                      ; 67 / 457 ( 15 % )                           ;
; Total virtual pins              ; 0                                           ;
; Total block memory bits         ; 207,872 / 4,065,280 ( 5 % )                 ;
; Total DSP Blocks                ; 0 / 87 ( 0 % )                              ;
; Total HSSI RX PCSs              ; 0                                           ;
; Total HSSI PMA RX Deserializers ; 0                                           ;
; Total HSSI TX PCSs              ; 0                                           ;
; Total HSSI PMA TX Serializers   ; 0                                           ;
; Total PLLs                      ; 1 / 6 ( 17 % )                              ;
; Total DLLs                      ; 0 / 4 ( 0 % )                               ;
+---------------------------------+---------------------------------------------+


+-----------------------------------------+
; Flow Settings                           ;
+-------------------+---------------------+
; Option            ; Setting             ;
+-------------------+---------------------+
; Start date & time ; 06/03/2025 15:20:17 ;
; Main task         ; Compilation         ;
; Revision Name     ; NIOS_PC             ;
+-------------------+---------------------+


+-----------------------------------------------------------------------------------------------------------------------------------------------+
; Flow Non-Default Global Settings                                                                                                              ;
+-------------------------------------+----------------------------------------------------------+---------------+-------------+----------------+
; Assignment Name                     ; Value                                                    ; Default Value ; Entity Name ; Section Id     ;
+-------------------------------------+----------------------------------------------------------+---------------+-------------+----------------+
; COMPILER_SIGNATURE_ID               ; 2546796149443.174898561614152                            ; --            ; --          ; --             ;
; EDA_OUTPUT_DATA_FORMAT              ; Verilog Hdl                                              ; --            ; --          ; eda_simulation ;
; EDA_SIMULATION_TOOL                 ; ModelSim (Verilog)                                       ; <None>        ; --          ; --             ;
; EDA_TIME_SCALE                      ; 1 ps                                                     ; --            ; --          ; eda_simulation ;
; MAX_CORE_JUNCTION_TEMP              ; 85                                                       ; --            ; --          ; --             ;
; MIN_CORE_JUNCTION_TEMP              ; 0                                                        ; --            ; --          ; --             ;
; MISC_FILE                           ; MP3_PC/synthesis/../MP3_PC.cmp                           ; --            ; --          ; --             ;
; MISC_FILE                           ; MP3_PC/synthesis/../../MP3_PC.qsys                       ; --            ; --          ; --             ;
; PARTITION_COLOR                     ; -- (Not supported for targeted family)                   ; --            ; MP3_PC      ; Top            ;
; PARTITION_FITTER_PRESERVATION_LEVEL ; -- (Not supported for targeted family)                   ; --            ; MP3_PC      ; Top            ;
; PARTITION_NETLIST_TYPE              ; -- (Not supported for targeted family)                   ; --            ; MP3_PC      ; Top            ;
; POWER_BOARD_THERMAL_MODEL           ; None (CONSERVATIVE)                                      ; --            ; --          ; --             ;
; POWER_PRESET_COOLING_SOLUTION       ; 23 MM HEAT SINK WITH 200 LFPM AIRFLOW                    ; --            ; --          ; --             ;
; PROJECT_OUTPUT_DIRECTORY            ; output_files                                             ; --            ; --          ; --             ;
; SLD_FILE                            ; MP3_PC/synthesis/MP3_PC.regmap                           ; --            ; --          ; --             ;
; SLD_FILE                            ; MP3_PC/synthesis/MP3_PC.debuginfo                        ; --            ; --          ; --             ;
; SLD_INFO                            ; QSYS_NAME MP3_PC HAS_SOPCINFO 1 GENERATION_ID 1748932134 ; --            ; MP3_PC      ; --             ;
; SOPCINFO_FILE                       ; MP3_PC/synthesis/../../MP3_PC.sopcinfo                   ; --            ; --          ; --             ;
; SYNTHESIS_ONLY_QIP                  ; On                                                       ; --            ; --          ; --             ;
; TOP_LEVEL_ENTITY                    ; MP3_PC                                                   ; NIOS_PC       ; --          ; --             ;
+-------------------------------------+----------------------------------------------------------+---------------+-------------+----------------+


+--------------------------------------------------------------------------------------------------------------------------+
; Flow Elapsed Time                                                                                                        ;
+----------------------+--------------+-------------------------+---------------------+------------------------------------+
; Module Name          ; Elapsed Time ; Average Processors Used ; Peak Virtual Memory ; Total CPU Time (on all processors) ;
+----------------------+--------------+-------------------------+---------------------+------------------------------------+
; Analysis & Synthesis ; 00:00:25     ; 1.0                     ; 5040 MB             ; 00:00:43                           ;
; Fitter               ; 00:01:35     ; 1.1                     ; 7431 MB             ; 00:07:19                           ;
; Assembler            ; 00:00:10     ; 1.0                     ; 4863 MB             ; 00:00:07                           ;
; Timing Analyzer      ; 00:00:08     ; 2.3                     ; 5331 MB             ; 00:00:16                           ;
; EDA Netlist Writer   ; 00:00:03     ; 1.0                     ; 4894 MB             ; 00:00:03                           ;
; Total                ; 00:02:21     ; --                      ; --                  ; 00:08:28                           ;
+----------------------+--------------+-------------------------+---------------------+------------------------------------+


+------------------------------------------------------------------------------------+
; Flow OS Summary                                                                    ;
+----------------------+------------------+------------+------------+----------------+
; Module Name          ; Machine Hostname ; OS Name    ; OS Version ; Processor type ;
+----------------------+------------------+------------+------------+----------------+
; Analysis & Synthesis ; DESKTOP-FTNLA4A  ; Windows 10 ; 10.0       ; x86_64         ;
; Fitter               ; DESKTOP-FTNLA4A  ; Windows 10 ; 10.0       ; x86_64         ;
; Assembler            ; DESKTOP-FTNLA4A  ; Windows 10 ; 10.0       ; x86_64         ;
; Timing Analyzer      ; DESKTOP-FTNLA4A  ; Windows 10 ; 10.0       ; x86_64         ;
; EDA Netlist Writer   ; DESKTOP-FTNLA4A  ; Windows 10 ; 10.0       ; x86_64         ;
+----------------------+------------------+------------+------------+----------------+


------------
; Flow Log ;
------------
quartus_map --read_settings_files=on --write_settings_files=off NIOS_PC -c NIOS_PC
quartus_fit --read_settings_files=off --write_settings_files=off NIOS_PC -c NIOS_PC
quartus_asm --read_settings_files=off --write_settings_files=off NIOS_PC -c NIOS_PC
quartus_sta NIOS_PC -c NIOS_PC
quartus_eda --read_settings_files=off --write_settings_files=off NIOS_PC -c NIOS_PC



